# JRE version: Java(TM) SE Runtime Environment (11.0.1+13) (build 11.0.1+13-LTS)
# Java VM: Java HotSpot(TM) 64-Bit Server VM (11.0.1+13-LTS, mixed mode, tiered, compressed oops, g1 gc, windows-amd64)
Heap:
 garbage-first heap   total 262144K, used 65747K [0x00000006c0c00000, 0x00000007c0000000)
  region size 1024K, 56 young (57344K), 11 survivors (11264K)
 Metaspace       used 58039K, capacity 59517K, committed 59648K, reserved 1101824K
  class space    used 7541K, capacity 8147K, committed 8192K, reserved 1048576K
GC Heap History (8 events):
Event: 0.629 GC heap before
{Heap before GC invocations=0 (full 0):
 garbage-first heap   total 262144K, used 24576K [0x00000006c0c00000, 0x00000007c0000000)
  region size 1024K, 24 young (24576K), 0 survivors (0K)
 Metaspace       used 9401K, capacity 9629K, committed 9728K, reserved 1058816K
  class space    used 888K, capacity 973K, committed 1024K, reserved 1048576K
}
Event: 0.632 GC heap after
{Heap after GC invocations=1 (full 0):
 garbage-first heap   total 262144K, used 5266K [0x00000006c0c00000, 0x00000007c0000000)
  region size 1024K, 3 young (3072K), 3 survivors (3072K)
 Metaspace       used 9401K, capacity 9629K, committed 9728K, reserved 1058816K
  class space    used 888K, capacity 973K, committed 1024K, reserved 1048576K
}
Event: 8.047 GC heap before
{Heap before GC invocations=1 (full 0):
 garbage-first heap   total 262144K, used 109714K [0x00000006c0c00000, 0x00000007c0000000)
  region size 1024K, 103 young (105472K), 3 survivors (3072K)
 Metaspace       used 20303K, capacity 21136K, committed 21248K, reserved 1067008K
  class space    used 2343K, capacity 2708K, committed 2816K, reserved 1048576K
}
Event: 8.053 GC heap after
{Heap after GC invocations=2 (full 0):
 garbage-first heap   total 262144K, used 12172K [0x00000006c0c00000, 0x00000007c0000000)
  region size 1024K, 6 young (6144K), 6 survivors (6144K)
 Metaspace       used 20303K, capacity 21136K, committed 21248K, reserved 1067008K
  class space    used 2343K, capacity 2708K, committed 2816K, reserved 1048576K
}
Event: 22.103 GC heap before
{Heap before GC invocations=3 (full 0):
 garbage-first heap   total 262144K, used 91020K [0x00000006c0c00000, 0x00000007c0000000)
  region size 1024K, 84 young (86016K), 6 survivors (6144K)
 Metaspace       used 34829K, capacity 35726K, committed 35840K, reserved 1081344K
  class space    used 4277K, capacity 4646K, committed 4736K, reserved 1048576K
}
Event: 22.110 GC heap after
{Heap after GC invocations=4 (full 0):
 garbage-first heap   total 262144K, used 15361K [0x00000006c0c00000, 0x00000007c0000000)
  region size 1024K, 9 young (9216K), 9 survivors (9216K)
 Metaspace       used 34829K, capacity 35726K, committed 35840K, reserved 1081344K
  class space    used 4277K, capacity 4646K, committed 4736K, reserved 1048576K
}
Event: 72.753 GC heap before
{Heap before GC invocations=5 (full 0):
 garbage-first heap   total 262144K, used 125953K [0x00000006c0c00000, 0x00000007c0000000)
  region size 1024K, 118 young (120832K), 9 survivors (9216K)
 Metaspace       used 49704K, capacity 50751K, committed 50944K, reserved 1093632K
  class space    used 6160K, capacity 6556K, committed 6656K, reserved 1048576K
}
Event: 72.762 GC heap after
{Heap after GC invocations=6 (full 0):
 garbage-first heap   total 262144K, used 19667K [0x00000006c0c00000, 0x00000007c0000000)
  region size 1024K, 11 young (11264K), 11 survivors (11264K)
 Metaspace       used 49704K, capacity 50751K, committed 50944K, reserved 1093632K
  class space    used 6160K, capacity 6556K, committed 6656K, reserved 1048576K
}

