# JRE version: Java(TM) SE Runtime Environment (11.0.1+13) (build 11.0.1+13-LTS)
# Java VM: Java HotSpot(TM) 64-Bit Server VM (11.0.1+13-LTS, mixed mode, tiered, compressed oops, g1 gc, windows-amd64)
Heap:
 garbage-first heap   total 262144K, used 28225K [0x00000006c0c00000, 0x00000007c0000000)
  region size 1024K, 20 young (20480K), 17 survivors (17408K)
 Metaspace       used 58639K, capacity 60085K, committed 60208K, reserved 1101824K
  class space    used 7669K, capacity 8273K, committed 8320K, reserved 1048576K
GC Heap History (8 events):
Event: 0.479 GC heap before
{Heap before GC invocations=0 (full 0):
 garbage-first heap   total 262144K, used 24576K [0x00000006c0c00000, 0x00000007c0000000)
  region size 1024K, 24 young (24576K), 0 survivors (0K)
 Metaspace       used 11276K, capacity 11586K, committed 11776K, reserved 1060864K
  class space    used 1115K, capacity 1228K, committed 1280K, reserved 1048576K
}
Event: 0.482 GC heap after
{Heap after GC invocations=1 (full 0):
 garbage-first heap   total 262144K, used 6158K [0x00000006c0c00000, 0x00000007c0000000)
  region size 1024K, 3 young (3072K), 3 survivors (3072K)
 Metaspace       used 11276K, capacity 11586K, committed 11776K, reserved 1060864K
  class space    used 1115K, capacity 1228K, committed 1280K, reserved 1048576K
}
Event: 1.579 GC heap before
{Heap before GC invocations=1 (full 0):
 garbage-first heap   total 262144K, used 161806K [0x00000006c0c00000, 0x00000007c0000000)
  region size 1024K, 153 young (156672K), 3 survivors (3072K)
 Metaspace       used 20339K, capacity 21167K, committed 21296K, reserved 1069056K
  class space    used 2332K, capacity 2667K, committed 2688K, reserved 1048576K
}
Event: 1.584 GC heap after
{Heap after GC invocations=2 (full 0):
 garbage-first heap   total 262144K, used 12690K [0x00000006c0c00000, 0x00000007c0000000)
  region size 1024K, 6 young (6144K), 6 survivors (6144K)
 Metaspace       used 20339K, capacity 21167K, committed 21296K, reserved 1069056K
  class space    used 2332K, capacity 2667K, committed 2688K, reserved 1048576K
}
Event: 3.094 GC heap before
{Heap before GC invocations=3 (full 0):
 garbage-first heap   total 262144K, used 69010K [0x00000006c0c00000, 0x00000007c0000000)
  region size 1024K, 62 young (63488K), 6 survivors (6144K)
 Metaspace       used 34857K, capacity 35748K, committed 35888K, reserved 1081344K
  class space    used 4350K, capacity 4708K, committed 4736K, reserved 1048576K
}
Event: 3.101 GC heap after
{Heap after GC invocations=4 (full 0):
 garbage-first heap   total 262144K, used 15836K [0x00000006c0c00000, 0x00000007c0000000)
  region size 1024K, 9 young (9216K), 9 survivors (9216K)
 Metaspace       used 34857K, capacity 35748K, committed 35888K, reserved 1081344K
  class space    used 4350K, capacity 4708K, committed 4736K, reserved 1048576K
}
Event: 4.752 GC heap before
{Heap before GC invocations=5 (full 0):
 garbage-first heap   total 262144K, used 138716K [0x00000006c0c00000, 0x00000007c0000000)
  region size 1024K, 129 young (132096K), 9 survivors (9216K)
 Metaspace       used 58409K, capacity 59831K, committed 59952K, reserved 1101824K
  class space    used 7631K, capacity 8230K, committed 8320K, reserved 1048576K
}
Event: 4.764 GC heap after
{Heap after GC invocations=6 (full 0):
 garbage-first heap   total 262144K, used 26177K [0x00000006c0c00000, 0x00000007c0000000)
  region size 1024K, 17 young (17408K), 17 survivors (17408K)
 Metaspace       used 58409K, capacity 59831K, committed 59952K, reserved 1101824K
  class space    used 7631K, capacity 8230K, committed 8320K, reserved 1048576K
}

